2024-11-26 12:54:37,515 DEBUG Enter in the get_info_all_photo_profile function: user_id = 154010681
2024-11-26 12:54:37,725 ERROR function: get_info_all_photo_profile. response.status_code = 200
2024-11-26 12:54:37,727 DEBUG Enter in the get_link_photo function
2024-11-26 12:54:37,728 DEBUG Enter in the create_folder_and_save_photo function: link_photo_max_size = {271927808: ['https://sun9-80.userapi.com/c9222/u154010681/-6/x_cb7a7192.jpg', '11.jpg', 'x'], 284071445: ['https://sun9-35.userapi.com/s/v1/if1/u7ly0AWZ1evr3m8iw4CX_4AtJTo0KmAvz4ZjwWZHCFR7SRvGX62jjiOZkQIP2_fm1uW_Cw.jpg?quality=96&as=32x24,48x36,72x54,108x81,160x120,240x180,360x270,480x360,540x405,640x480,720x540,1080x810,1280x960,1440x1080,2048x1536&from=bu&cs=1280x960', '58.jpg', 'z'], 456239353: ['https://sun9-38.userapi.com/s/v1/if1/iKhsDZwIvbNv_ui84a-wnLPXSxNwMRAV-tAo6_HWIloIxB-fXOrceIIL7FtbY5EL-Kj0BaWW.jpg?quality=96&as=32x57,48x85,72x128,108x192,160x284,240x426,360x638,480x851,540x958,640x1135,720x1277,751x1332&from=bu&cs=609x1080', '42.jpg', 'z'], 456239409: ['https://sun9-80.userapi.com/s/v1/if1/1ASsOy60RB7wPBxm7M6568iTPsurTuT8HkglLu-vlZLo-i5Q97LzS6nI_K8NxqY9GwWd6CVc.jpg?quality=96&as=32x43,48x64,72x96,108x144,160x213,240x320,360x480,480x640,540x720,640x853,720x960,1080x1440,1280x1707,1440x1920,1620x2160&from=bu&cs=810x1080', '39.jpg', 'z'], 457239487: ['https://sun9-51.userapi.com/s/v1/ig2/xzbQwK5xhXgn41Y6yRkgAfxH71OvRoBhuLxeiYSngof-0sHbWCV5t5Dd4rW16jxeeW1VSRB53Zu0_tc9vG7xq1TF.jpg?quality=95&as=32x45,48x67,72x100,108x150,160x223,240x334,360x501,480x668,540x751,640x890,720x1002,1080x1503,1280x1781,1440x2003,1840x2560&from=bu&cs=776x1080', '64.jpg', 'z']}
2024-11-26 12:54:38,805 ERROR function: create_folder_and_save_photo. response.status_code(save_photo) = 202
2024-11-26 12:54:40,772 ERROR function: create_folder_and_save_photo. response.status_code(save_photo) = 202
2024-11-26 12:54:42,830 ERROR function: create_folder_and_save_photo. response.status_code(save_photo) = 202
2024-11-26 12:54:44,810 ERROR function: create_folder_and_save_photo. response.status_code(save_photo) = 202
2024-11-26 12:54:46,852 ERROR function: create_folder_and_save_photo. response.status_code(save_photo) = 202
2024-11-26 12:54:48,360 INFO function: create_folder_and_save_photo. An INFO - Фотографии успешно загружены в созданной папке
2024-11-26 12:54:48,362 DEBUG Enter in the get_info_all_photo_profile function: user_id = 154010681
2024-11-26 12:54:48,510 ERROR function: get_info_all_photo_profile. response.status_code = 200
2024-11-26 12:54:48,512 DEBUG Enter in the get_link_photo function
2024-11-26 12:54:48,512 DEBUG Enter in the get_json_photos function
2024-11-26 12:54:48,512 DEBUG Enter in the save_json function: json_file = [{'file_name': '11.jpg', 'size': 'x'}, {'file_name': '58.jpg', 'size': 'z'}, {'file_name': '42.jpg', 'size': 'z'}, {'file_name': '39.jpg', 'size': 'z'}, {'file_name': '64.jpg', 'size': 'z'}]
2024-11-26 12:54:48,515 INFO function: save_json. An INFO - Json файл создан
2024-11-26 12:54:48,515 DEBUG Enter in the get_info_all_photo_wall function: user_id = 154010681
2024-11-26 12:54:48,756 ERROR function: get_info_all_photo_wall. response.status_code = 200
2024-11-26 12:54:48,758 DEBUG Enter in the get_link_photo function
2024-11-26 12:54:48,759 DEBUG Enter in the create_folder_and_save_photo function: link_photo_max_size = {302871521: ['https://sun9-47.userapi.com/s/v1/if1/3X5pRDHlskjY_yJByfjK5d6nRvacIVMTbJUTXifTfUG_rIw2nfeu89OwDASz4C00.jpg?quality=96&as=32x43,48x64,72x96,108x144,160x213,240x320,360x480,480x640,540x720,640x853,720x960,768x1024&from=bu&cs=768x1024', '13.jpg', 'z'], 302871888: ['https://sun9-56.userapi.com/s/v1/if1/DDfPAK7xnIg0-ftNw5kDk-1Vfi92WewNQRJc1Rd1usk1n9NYX_v9eTvdBVVciH9_jQ.jpg?quality=96&as=32x24,48x36,72x54,108x81,160x120,240x180,360x270,480x360,540x405,640x480,720x540,1080x810,1280x960&from=bu&cs=1280x960', '16.jpg', 'z'], 457239489: ['https://sun9-24.userapi.com/s/v1/ig2/_gNo-uyqf3GrjI2EksK6iCoOpwRj9ziqnxwFltei4xNwf3_C8D-Dd0IvV6EkNk1HGGdUTz2wt4dm4DPMRBYqhHLx.jpg?quality=95&as=32x24,48x36,72x54,108x80,160x119,240x178,360x268,480x357,540x401,640x476,720x535,1080x803,1280x951,1440x1070,2560x1903&from=bu&cs=1280x951', '60.jpg', 'z'], 457239490: ['https://sun9-51.userapi.com/s/v1/ig2/bjOlaUJ3TKQSvPVcjo2vuqLloG4rzwHUo-SWWiWQ3SvQltTFElzh1rnGfn-ME79tYgwYP7Nqtjb66dJdaABayHC-.jpg?quality=95&as=32x23,48x35,72x52,108x78,160x115,240x173,360x259,480x346,540x389,640x461,720x519,1080x778,1280x922,1440x1038,2560x1845&from=bu&cs=1280x922', '14.jpg', 'z'], 457239491: ['https://sun9-15.userapi.com/s/v1/ig2/9ESLM7hidzMMQUUx78d6X5c8-VpBVwYIP_gcKY4QZJU8_A_h-GboneqBvY50PKTyrgERBHLhiUUns8XPLIlzAE3y.jpg?quality=95&as=32x48,48x72,72x108,108x162,160x240,240x360,360x540,480x720,540x810,640x960,720x1080,1080x1620,1280x1920,1440x2160,1707x2560&from=bu&cs=720x1080', '18.jpg', 'z'], 457239493: ['https://sun9-18.userapi.com/s/v1/ig2/LWCzY4fcvmDaUseWsGEhyR-GCUoR6duU0LC2_fqTRqjLhkb5dh1bOpedjU8LyNLvBfGZO61vndtNKPlQe7IYToxE.jpg?quality=95&as=32x45,48x67,72x101,108x152,160x225,240x337,360x506,480x674,540x759,640x899,720x1012,1080x1517,1280x1798,1440x2023,1822x2560&from=bu&cs=769x1080', '17.jpg', 'z'], 457239494: ['https://sun9-40.userapi.com/s/v1/ig2/yQ5vUAAp9xy6O0FOR2pDuD8XBK75hZosWsNjXuwAN8lMxeFScY2To1ZWdpLu0q3uFhM8ZPsvOuwzVaQvFXdAayAS.jpg?quality=95&as=32x21,48x32,72x48,108x72,160x107,240x160,360x240,480x320,540x360,640x427,720x480,1080x720,1280x853,1440x960,2560x1707&from=bu&cs=1280x853', '17.jpg', 'z'], 457239495: ['https://sun9-42.userapi.com/s/v1/ig2/8bNYaPtZgpiScCIc-VfW8eHafiEmyq_Yl_gihLe1drBLxM__JdkfHgasI0zMmC0srYMdQS8a5_kROfvdK2HdIDjX.jpg?quality=95&as=32x23,48x35,72x52,108x79,160x116,240x175,360x262,480x349,540x393,640x465,720x524,1080x786,1280x931,1440x1047,2560x1862&from=bu&cs=1280x931', '16.jpg', 'z'], 457239496: ['https://sun9-26.userapi.com/s/v1/ig2/8_YUk6URTTYs_AaND1MJ73Juf049DL85oqjmkMHIDtIokklOeFsYSzgrnoop2yGfZtITXU7dRWgbdMxIvGAvFMtr.jpg?quality=95&as=32x22,48x34,72x50,108x76,160x112,240x168,360x252,480x336,540x378,640x448,720x504,1080x756,1280x896,1440x1009,2560x1793&from=bu&cs=1280x896', '16.jpg', 'z'], 457239497: ['https://sun9-63.userapi.com/s/v1/ig2/8FxcYfePtqxPSn0JUKo-bLTA_JdJZQjr8Jif7YoSRqcCzX0pp_6Gx7DSUd9eX2ZcjbC-RGcBdzK6e7nKF-eLnxmT.jpg?quality=95&as=32x24,48x36,72x54,108x81,160x120,240x180,360x271,480x361,540x406,640x481,720x541,1080x812,1280x962,1440x1082,2560x1924&from=bu&cs=1280x962', '18.jpg', 'z'], 457239498: ['https://sun9-32.userapi.com/s/v1/ig2/z-3UnlxrmeazIeoRpfc8SljxfthRqvBmPC-GqvPkSdTwIQvMVn_s6K_-sL0dFqhZkJDn6oD7IEspA9oZehSovPUs.jpg?quality=95&as=32x48,48x72,72x108,108x162,160x240,240x360,360x540,480x720,540x810,640x960,720x1080,1080x1620,1280x1920,1440x2160,1707x2560&from=bu&cs=720x1080', '56.jpg', 'z'], 457239499: ['https://sun9-63.userapi.com/s/v1/ig2/CE0kWV-ns7YLzQMjOzoa3z8ygx7ENCSg7Ah7NcpvUj6YxN-U5aWS5Pud31Vk4V5jlYJSurS2JXOaafBYplIT7TaZ.jpg?quality=95&as=32x24,48x36,72x54,108x82,160x121,240x182,360x272,480x363,540x409,640x484,720x545,1080x817,1280x968,1440x1090,2560x1937&from=bu&cs=1280x968', '18.jpg', 'z']}
2024-11-26 12:54:49,910 ERROR function: create_folder_and_save_photo. response.status_code(save_photo) = 202
2024-11-26 12:54:52,469 ERROR function: create_folder_and_save_photo. response.status_code(save_photo) = 202
2024-11-26 12:54:54,344 ERROR function: create_folder_and_save_photo. response.status_code(save_photo) = 202
2024-11-26 12:54:56,596 ERROR function: create_folder_and_save_photo. response.status_code(save_photo) = 202
2024-11-26 12:54:58,557 ERROR function: create_folder_and_save_photo. response.status_code(save_photo) = 202
2024-11-26 12:55:00,886 ERROR function: create_folder_and_save_photo. response.status_code(save_photo) = 202
2024-11-26 12:55:09,592 ERROR function: create_folder_and_save_photo. response.status_code(save_photo) = 202
2024-11-26 12:55:11,718 ERROR function: create_folder_and_save_photo. response.status_code(save_photo) = 202
2024-11-26 12:55:13,851 ERROR function: create_folder_and_save_photo. response.status_code(save_photo) = 202
2024-11-26 12:55:16,264 ERROR function: create_folder_and_save_photo. response.status_code(save_photo) = 202
2024-11-26 12:55:18,426 ERROR function: create_folder_and_save_photo. response.status_code(save_photo) = 202
2024-11-26 12:55:20,473 ERROR function: create_folder_and_save_photo. response.status_code(save_photo) = 202
2024-11-26 12:55:21,984 INFO function: create_folder_and_save_photo. An INFO - Фотографии успешно загружены в созданной папке
2024-11-26 12:55:21,984 DEBUG Enter in the get_info_all_photo_wall function: user_id = 154010681
2024-11-26 12:55:22,175 ERROR function: get_info_all_photo_wall. response.status_code = 200
2024-11-26 12:55:22,176 DEBUG Enter in the get_link_photo function
2024-11-26 12:55:22,176 DEBUG Enter in the get_json_photos function
2024-11-26 12:55:22,177 DEBUG Enter in the save_json function: json_file = [{'file_name': '13.jpg', 'size': 'z'}, {'file_name': '16.jpg', 'size': 'z'}, {'file_name': '60.jpg', 'size': 'z'}, {'file_name': '14.jpg', 'size': 'z'}, {'file_name': '18.jpg', 'size': 'z'}, {'file_name': '17.jpg', 'size': 'z'}, {'file_name': '17.jpg', 'size': 'z'}, {'file_name': '16.jpg', 'size': 'z'}, {'file_name': '16.jpg', 'size': 'z'}, {'file_name': '18.jpg', 'size': 'z'}, {'file_name': '56.jpg', 'size': 'z'}, {'file_name': '18.jpg', 'size': 'z'}]
2024-11-26 12:55:22,178 INFO function: save_json. An INFO - Json файл создан
